Using pre-set license
Built from '2020.3/staging' branch; Version is '2020.3.33f1 (915a7af8b0d5) revision 9525882'; Using compiler version '192528614'; Build Type 'Release'
OS: 'Windows 10  (10.0.19044) 64bit Core' Language: 'en' Physical Memory: 16215 MB
BatchMode: 1, IsHumanControllingUs: 0, StartBugReporterOnCrash: 0, Is64bit: 1, IsPro: 0

COMMAND LINE ARGUMENTS:
D:\UnityInstalls\2020.3.33f1\Editor\Unity.exe
-adb2
-batchMode
-noUpm
-name
AssetImportWorker0
-projectPath
D:/Unity/UpperManagement
-logFile
Logs/AssetImportWorker0.log
-srvPort
65362
Successfully changed project path to: D:/Unity/UpperManagement
D:/Unity/UpperManagement
Using Asset Import Pipeline V2.
Refreshing native plugins compatible for Editor in 106.00 ms, found 3 plugins.
Preloading 0 native plugins for Editor in 0.00 ms.
Initialize engine version: 2020.3.33f1 (915a7af8b0d5)
[Subsystems] Discovering subsystems at path D:/UnityInstalls/2020.3.33f1/Editor/Data/Resources/UnitySubsystems
[Subsystems] Discovering subsystems at path D:/Unity/UpperManagement/Assets
GfxDevice: creating device client; threaded=0
Direct3D:
    Version:  Direct3D 11.0 [level 11.1]
    Renderer: NVIDIA GeForce GTX 1650 (ID=0x1f99)
    Vendor:   
    VRAM:     3962 MB
    Driver:   31.0.15.1659
Initialize mono
Mono path[0] = 'D:/UnityInstalls/2020.3.33f1/Editor/Data/Managed'
Mono path[1] = 'D:/UnityInstalls/2020.3.33f1/Editor/Data/MonoBleedingEdge/lib/mono/unityjit'
Mono config path = 'D:/UnityInstalls/2020.3.33f1/Editor/Data/MonoBleedingEdge/etc'
Using monoOptions --debugger-agent=transport=dt_socket,embedding=1,server=y,suspend=n,address=127.0.0.1:56392
Begin MonoManager ReloadAssembly
Registering precompiled unity dll's ...
Register platform support module: D:/UnityInstalls/2020.3.33f1/Editor/Data/PlaybackEngines/WindowsStandaloneSupport/UnityEditor.WindowsStandalone.Extensions.dll
Registered in 0.001667 seconds.
Native extension for WindowsStandalone target not found
Refreshing native plugins compatible for Editor in 101.96 ms, found 3 plugins.
Preloading 0 native plugins for Editor in 0.00 ms.
Mono: successfully reloaded assembly
- Completed reload, in  0.947 seconds
Domain Reload Profiling:
	ReloadAssembly (947ms)
		BeginReloadAssembly (110ms)
			ExecutionOrderSort (0ms)
			DisableScriptedObjects (0ms)
			BackupInstance (0ms)
			ReleaseScriptingObjects (0ms)
			CreateAndSetChildDomain (1ms)
		EndReloadAssembly (735ms)
			LoadAssemblies (110ms)
			RebuildTransferFunctionScriptingTraits (0ms)
			SetupTypeCache (232ms)
			ReleaseScriptCaches (0ms)
			RebuildScriptCaches (49ms)
			SetupLoadedEditorAssemblies (310ms)
				LogAssemblyErrors (0ms)
				InitializePlatformSupportModulesInManaged (6ms)
				SetLoadedEditorAssemblies (0ms)
				RefreshPlugins (102ms)
				BeforeProcessingInitializeOnLoad (23ms)
				ProcessInitializeOnLoadAttributes (132ms)
				ProcessInitializeOnLoadMethodAttributes (47ms)
				AfterProcessingInitializeOnLoad (0ms)
				EditorAssembliesLoaded (0ms)
			ExecutionOrderSort2 (0ms)
			AwakeInstancesAfterBackupRestoration (0ms)
Platform modules already initialized, skipping
Registering precompiled user dll's ...
Registered in 0.005182 seconds.
Begin MonoManager ReloadAssembly
Symbol file LoadedFromMemory doesn't match image D:\Unity\UpperManagement\Library\PackageCache\com.unity.collab-proxy@1.15.15\Lib\Editor\PlasticSCM\unityplastic.dll
Native extension for WindowsStandalone target not found
Refreshing native plugins compatible for Editor in 106.25 ms, found 3 plugins.
Preloading 0 native plugins for Editor in 0.00 ms.
Mono: successfully reloaded assembly
- Completed reload, in  1.880 seconds
Domain Reload Profiling:
	ReloadAssembly (1882ms)
		BeginReloadAssembly (246ms)
			ExecutionOrderSort (0ms)
			DisableScriptedObjects (7ms)
			BackupInstance (0ms)
			ReleaseScriptingObjects (0ms)
			CreateAndSetChildDomain (26ms)
		EndReloadAssembly (1550ms)
			LoadAssemblies (179ms)
			RebuildTransferFunctionScriptingTraits (0ms)
			SetupTypeCache (523ms)
			ReleaseScriptCaches (1ms)
			RebuildScriptCaches (89ms)
			SetupLoadedEditorAssemblies (605ms)
				LogAssemblyErrors (0ms)
				InitializePlatformSupportModulesInManaged (5ms)
				SetLoadedEditorAssemblies (0ms)
				RefreshPlugins (106ms)
				BeforeProcessingInitializeOnLoad (154ms)
				ProcessInitializeOnLoadAttributes (308ms)
				ProcessInitializeOnLoadMethodAttributes (27ms)
				AfterProcessingInitializeOnLoad (4ms)
				EditorAssembliesLoaded (0ms)
			ExecutionOrderSort2 (0ms)
			AwakeInstancesAfterBackupRestoration (10ms)
Platform modules already initialized, skipping
========================================================================
Worker process is ready to serve import requests
Launched and connected shader compiler UnityShaderCompiler.exe after 0.05 seconds
Refreshing native plugins compatible for Editor in 0.78 ms, found 3 plugins.
Preloading 0 native plugins for Editor in 0.00 ms.
Unloading 3298 Unused Serialized files (Serialized files now loaded: 0)
System memory in use before: 141.5 MB.
System memory in use after: 141.6 MB.

Unloading 32 unused Assets to reduce memory usage. Loaded Objects now: 3729.
Total: 5.468700 ms (FindLiveObjects: 0.417700 ms CreateObjectMapping: 0.365300 ms MarkObjects: 4.472600 ms  DeleteObjects: 0.211700 ms)

AssetImportParameters requested are different than current active one (requested -> active):
  custom:framework-win-MediaFoundation: 216162199b28c13a410421893ffa2e32 -> 
  custom:video-decoder-ogg-theora: a1e56fd34408186e4bbccfd4996cb3dc -> 
  custom:container-muxer-webm: aa71ff27fc2769a1b78a27578f13a17b -> 
  custom:container-demuxer-webm: 4f35f7cbe854078d1ac9338744f61a02 -> 
  custom:container-demuxer-ogg: 62fdf1f143b41e24485cea50d1cbac27 -> 
  custom:video-encoder-webm-vp8: eb34c28f22e8b96e1ab97ce403110664 -> 
  custom:video-decoder-webm-vp8: 9c59270c3fd7afecdb556c50c9e8de78 -> 
  custom:audio-decoder-ogg-vorbis: bf7c407c2cedff20999df2af8eb42d56 -> 
  custom:audio-encoder-webm-vorbis: bf7c407c2cedff20999df2af8eb42d56 -> 
========================================================================
Received Import Request.
  path: Assets
  artifactKey: Guid(00000000000000001000000000000000) Importer(815301076,1909f56bfc062723c751e8b465ee728b)
Start importing Assets using Guid(00000000000000001000000000000000) Importer(815301076,1909f56bfc062723c751e8b465ee728b)  -> (artifact id: '42d402b061de3733987d63b9cc3b64de') in 0.011962 seconds 
========================================================================
Received Import Request.
  Time since last request: 507.801875 seconds.
  path: Assets/Settings
  artifactKey: Guid(65406270bfd250c4ab8e0364719bc1da) Importer(815301076,1909f56bfc062723c751e8b465ee728b)
Start importing Assets/Settings using Guid(65406270bfd250c4ab8e0364719bc1da) Importer(815301076,1909f56bfc062723c751e8b465ee728b)  -> (artifact id: '3d956e474063f7ec8ee1a16592112d19') in 0.008338 seconds 
========================================================================
Received Import Request.
  Time since last request: 7.996668 seconds.
  path: Assets/URPSettings
  artifactKey: Guid(65406270bfd250c4ab8e0364719bc1da) Importer(815301076,1909f56bfc062723c751e8b465ee728b)
Start importing Assets/URPSettings using Guid(65406270bfd250c4ab8e0364719bc1da) Importer(815301076,1909f56bfc062723c751e8b465ee728b)  -> (artifact id: '4367beff1e21b0fc680f0a9d8a99fa33') in 0.007729 seconds 
========================================================================
Received Import Request.
  Time since last request: 119.608994 seconds.
  path: Assets/URPSettings/URPA_Renderer.asset
  artifactKey: Guid(85395adbf0824df40a12af850c1e65db) Importer(815301076,1909f56bfc062723c751e8b465ee728b)
Start importing Assets/URPSettings/URPA_Renderer.asset using Guid(85395adbf0824df40a12af850c1e65db) Importer(815301076,1909f56bfc062723c751e8b465ee728b)  -> (artifact id: 'd4d47f0bc26995fbd380bbc1bca5c1b2') in 0.102581 seconds 
========================================================================
Received Import Request.
  Time since last request: 16.163980 seconds.
  path: Assets/URPSettings/2DRD.asset
  artifactKey: Guid(4d03e32466c93ea45a906c94794c9abb) Importer(815301076,1909f56bfc062723c751e8b465ee728b)
Start importing Assets/URPSettings/2DRD.asset using Guid(4d03e32466c93ea45a906c94794c9abb) Importer(815301076,1909f56bfc062723c751e8b465ee728b)  -> (artifact id: '5b643facc34fd1a73631370c45304a26') in 0.040454 seconds 
========================================================================
Received Import Request.
  Time since last request: 2.373190 seconds.
  path: Assets/URPSettings/URPA.asset
  artifactKey: Guid(e35716db0b5f2d4479f30b0ff9a075cf) Importer(815301076,1909f56bfc062723c751e8b465ee728b)
Start importing Assets/URPSettings/URPA.asset using Guid(e35716db0b5f2d4479f30b0ff9a075cf) Importer(815301076,1909f56bfc062723c751e8b465ee728b)  -> (artifact id: 'f695aaca62ff0312b1d70edec5f13790') in 0.030185 seconds 
========================================================================
Received Import Request.
  Time since last request: 2.299109 seconds.
  path: Assets/URPSettings/URPA.asset
  artifactKey: Guid(e35716db0b5f2d4479f30b0ff9a075cf) Importer(815301076,1909f56bfc062723c751e8b465ee728b)
Start importing Assets/URPSettings/URPA.asset using Guid(e35716db0b5f2d4479f30b0ff9a075cf) Importer(815301076,1909f56bfc062723c751e8b465ee728b)  -> (artifact id: '596188cd601e35047c9dd2bcfa727cd8') in 0.025955 seconds 
========================================================================
Received Import Request.
  Time since last request: 2.643166 seconds.
  path: Assets/URPSettings/URPA.asset
  artifactKey: Guid(e35716db0b5f2d4479f30b0ff9a075cf) Importer(815301076,1909f56bfc062723c751e8b465ee728b)
Start importing Assets/URPSettings/URPA.asset using Guid(e35716db0b5f2d4479f30b0ff9a075cf) Importer(815301076,1909f56bfc062723c751e8b465ee728b)  -> (artifact id: '0f19e7288daf810183c63d7aa0060122') in 0.022521 seconds 
========================================================================
Received Import Request.
  Time since last request: 3.081087 seconds.
  path: Assets/URPSettings/URPA.asset
  artifactKey: Guid(e35716db0b5f2d4479f30b0ff9a075cf) Importer(815301076,1909f56bfc062723c751e8b465ee728b)
Start importing Assets/URPSettings/URPA.asset using Guid(e35716db0b5f2d4479f30b0ff9a075cf) Importer(815301076,1909f56bfc062723c751e8b465ee728b)  -> (artifact id: 'b1f301aa2ddc453f7261b2e4ec19ae3c') in 0.025599 seconds 
========================================================================
Received Import Request.
  Time since last request: 1.753393 seconds.
  path: Assets/URPSettings/URPA.asset
  artifactKey: Guid(e35716db0b5f2d4479f30b0ff9a075cf) Importer(815301076,1909f56bfc062723c751e8b465ee728b)
Start importing Assets/URPSettings/URPA.asset using Guid(e35716db0b5f2d4479f30b0ff9a075cf) Importer(815301076,1909f56bfc062723c751e8b465ee728b)  -> (artifact id: 'ac5faf8fc8deeb2510c0ba3488e9808d') in 0.024067 seconds 
========================================================================
Received Import Request.
  Time since last request: 3.285093 seconds.
  path: Assets/URPSettings/URPA.asset
  artifactKey: Guid(e35716db0b5f2d4479f30b0ff9a075cf) Importer(815301076,1909f56bfc062723c751e8b465ee728b)
Start importing Assets/URPSettings/URPA.asset using Guid(e35716db0b5f2d4479f30b0ff9a075cf) Importer(815301076,1909f56bfc062723c751e8b465ee728b)  -> (artifact id: '02c1e078393230c147e31c35679850ad') in 0.023481 seconds 
AssetImportWorkerClient::OnTransportError - code=2 error=End of file
